
8월 17, 2023 11:23:05.519 NEW SESSION
8월 17, 2023 11:23:05.520 [7524:9396:0817/112305.500:ERROR:page_load_metrics_update_dispatcher.cc(178)] Invalid first_paint 0.624 s for first_image_paint 0.608 s
8월 17, 2023 11:23:05.625 [7524:9396:0817/112305.625:ERROR:page_load_metrics_update_dispatcher.cc(178)] Invalid first_paint 0.624 s for first_image_paint 0.608 s
8월 17, 2023 11:23:05.734 [7524:9396:0817/112305.734:ERROR:page_load_metrics_update_dispatcher.cc(178)] Invalid first_paint 0.624 s for first_image_paint 0.608 s
8월 17, 2023 11:23:05.842 [7524:9396:0817/112305.841:ERROR:page_load_metrics_update_dispatcher.cc(178)] Invalid first_paint 0.624 s for first_image_paint 0.608 s
8월 17, 2023 11:23:05.944 [7524:9396:0817/112305.944:ERROR:page_load_metrics_update_dispatcher.cc(178)] Invalid first_paint 0.624 s for first_image_paint 0.608 s
8월 17, 2023 11:23:06.61 [7524:9396:0817/112306.061:ERROR:page_load_metrics_update_dispatcher.cc(178)] Invalid first_paint 0.624 s for first_image_paint 0.608 s
8월 17, 2023 11:23:06.202 [7524:9396:0817/112306.202:ERROR:page_load_metrics_update_dispatcher.cc(178)] Invalid first_paint 0.624 s for first_image_paint 0.608 s
8월 17, 2023 11:23:06.472 [7524:9396:0817/112306.472:ERROR:page_load_metrics_update_dispatcher.cc(178)] Invalid first_paint 0.624 s for first_image_paint 0.608 s
8월 17, 2023 11:23:06.652 [7524:9396:0817/112306.652:ERROR:page_load_metrics_update_dispatcher.cc(178)] Invalid first_paint 0.624 s for first_image_paint 0.608 s
8월 17, 2023 11:23:06.761 [7524:9396:0817/112306.760:ERROR:page_load_metrics_update_dispatcher.cc(178)] Invalid first_paint 0.624 s for first_image_paint 0.608 s
8월 17, 2023 11:23:06.929 [7524:9396:0817/112306.929:ERROR:page_load_metrics_update_dispatcher.cc(178)] Invalid first_paint 0.624 s for first_image_paint 0.608 s
8월 17, 2023 11:23:07.34 [7524:9396:0817/112307.033:ERROR:page_load_metrics_update_dispatcher.cc(178)] Invalid first_paint 0.624 s for first_image_paint 0.608 s
8월 17, 2023 11:23:07.141 [7524:9396:0817/112307.141:ERROR:page_load_metrics_update_dispatcher.cc(178)] Invalid first_paint 0.624 s for first_image_paint 0.608 s
8월 17, 2023 11:23:07.267 [7524:9396:0817/112307.267:ERROR:page_load_metrics_update_dispatcher.cc(178)] Invalid first_paint 0.624 s for first_image_paint 0.608 s
8월 17, 2023 11:23:07.377 [7524:9396:0817/112307.377:ERROR:page_load_metrics_update_dispatcher.cc(178)] Invalid first_paint 0.624 s for first_image_paint 0.608 s
8월 17, 2023 11:23:07.486 [7524:9396:0817/112307.485:ERROR:page_load_metrics_update_dispatcher.cc(178)] Invalid first_paint 0.624 s for first_image_paint 0.608 s
8월 17, 2023 11:23:07.587 [7524:9396:0817/112307.587:ERROR:page_load_metrics_update_dispatcher.cc(178)] Invalid first_paint 0.624 s for first_image_paint 0.608 s
8월 17, 2023 11:23:08.195 [7524:9396:0817/112308.195:ERROR:page_load_metrics_update_dispatcher.cc(178)] Invalid first_paint 0.624 s for first_image_paint 0.608 s
8월 17, 2023 11:23:10.827 [7524:9396:0817/112310.826:ERROR:page_load_metrics_update_dispatcher.cc(178)] Invalid first_paint 0.624 s for first_image_paint 0.608 s
8월 17, 2023 11:23:13.614 [7524:9396:0817/112313.613:ERROR:page_load_metrics_update_dispatcher.cc(178)] Invalid first_paint 0.624 s for first_image_paint 0.608 s
8월 17, 2023 11:23:13.735 [7524:9396:0817/112313.734:ERROR:page_load_metrics_update_dispatcher.cc(178)] Invalid first_paint 0.624 s for first_image_paint 0.608 s
8월 17, 2023 11:23:14.376 [7524:9396:0817/112314.375:ERROR:page_load_metrics_update_dispatcher.cc(178)] Invalid first_paint 0.624 s for first_image_paint 0.608 s
8월 17, 2023 11:23:14.480 [7524:9396:0817/112314.480:ERROR:page_load_metrics_update_dispatcher.cc(178)] Invalid first_paint 0.624 s for first_image_paint 0.608 s
8월 17, 2023 11:23:14.598 [7524:9396:0817/112314.598:ERROR:page_load_metrics_update_dispatcher.cc(178)] Invalid first_paint 0.624 s for first_image_paint 0.608 s
8월 17, 2023 11:23:14.754 [7524:9396:0817/112314.753:ERROR:page_load_metrics_update_dispatcher.cc(178)] Invalid first_paint 0.624 s for first_image_paint 0.608 s
8월 17, 2023 11:24:00.714 [7524:9396:0817/112400.714:ERROR:page_load_metrics_update_dispatcher.cc(178)] Invalid first_paint 0.624 s for first_image_paint 0.608 s

8월 23, 2023 09:14:02.141 NEW SESSION
8월 23, 2023 09:14:02.141 [6776:12544:0823/091402.139:ERROR:cert_verify_proc_builtin.cc(701)] CertVerifyProcBuiltin for beacons.gcp.gvt2.com failed:
8월 23, 2023 09:14:02.142 ----- Certificate i=0 (CN=*.gcp.gvt2.com) -----
8월 23, 2023 09:14:02.143 ERROR: Time is after notAfter
8월 23, 2023 09:14:02.143 
8월 23, 2023 09:14:02.144 
8월 23, 2023 09:23:58.652 [6776:12544:0823/092358.651:ERROR:cert_verify_proc_builtin.cc(701)] CertVerifyProcBuiltin for e2c46.gcp.gvt2.com failed:
8월 23, 2023 09:23:58.655 ----- Certificate i=0 (CN=*.gcp.gvt2.com) -----
8월 23, 2023 09:23:58.657 ERROR: Time is after notAfter
8월 23, 2023 09:23:58.659 
8월 23, 2023 09:23:58.660 
8월 23, 2023 09:44:24.160 [6776:12544:0823/094424.159:ERROR:cert_verify_proc_builtin.cc(701)] CertVerifyProcBuiltin for e2c35.gcp.gvt2.com failed:
8월 23, 2023 09:44:24.161 ----- Certificate i=0 (CN=*.gcp.gvt2.com) -----
8월 23, 2023 09:44:24.161 ERROR: Time is after notAfter
8월 23, 2023 09:44:24.162 
8월 23, 2023 09:44:24.162 
8월 23, 2023 10:04:34.441 [6776:12544:0823/100434.440:ERROR:cert_verify_proc_builtin.cc(701)] CertVerifyProcBuiltin for beacons.gcp.gvt2.com failed:
8월 23, 2023 10:04:34.442 ----- Certificate i=0 (CN=*.gcp.gvt2.com) -----
8월 23, 2023 10:04:34.442 ERROR: Time is after notAfter
8월 23, 2023 10:04:34.443 
8월 23, 2023 10:04:34.444 
8월 23, 2023 10:04:37.20 [6776:12544:0823/100437.018:ERROR:cert_verify_proc_builtin.cc(701)] CertVerifyProcBuiltin for e2c36.gcp.gvt2.com failed:
8월 23, 2023 10:04:37.23 ----- Certificate i=0 (CN=*.gcp.gvt2.com) -----
8월 23, 2023 10:04:37.25 ERROR: Time is after notAfter
8월 23, 2023 10:04:37.27 
8월 23, 2023 10:04:37.30 
8월 23, 2023 10:08:58.989 [6776:12544:0823/100858.988:ERROR:cert_verify_proc_builtin.cc(701)] CertVerifyProcBuiltin for e2c61.gcp.gvt2.com failed:
8월 23, 2023 10:08:58.992 ----- Certificate i=0 (CN=*.gcp.gvt2.com) -----
8월 23, 2023 10:08:58.994 ERROR: Time is after notAfter
8월 23, 2023 10:08:58.995 
8월 23, 2023 10:08:58.998 
8월 23, 2023 10:08:59.555 [6776:12544:0823/100859.554:ERROR:cert_verify_proc_builtin.cc(701)] CertVerifyProcBuiltin for e2c4.gcp.gvt2.com failed:
8월 23, 2023 10:08:59.555 ----- Certificate i=0 (CN=*.gcp.gvt2.com) -----
8월 23, 2023 10:08:59.556 ERROR: Time is after notAfter
8월 23, 2023 10:08:59.556 
8월 23, 2023 10:08:59.557 
8월 23, 2023 10:10:01.130 [6776:12544:0823/101001.129:ERROR:cert_verify_proc_builtin.cc(701)] CertVerifyProcBuiltin for beacons.gcp.gvt2.com failed:
8월 23, 2023 10:10:01.131 ----- Certificate i=0 (CN=*.gcp.gvt2.com) -----
8월 23, 2023 10:10:01.132 ERROR: Time is after notAfter
8월 23, 2023 10:10:01.132 
8월 23, 2023 10:10:01.133 
8월 23, 2023 10:10:21.636 [6776:12544:0823/101021.635:ERROR:cert_verify_proc_builtin.cc(701)] CertVerifyProcBuiltin for beacons.gcp.gvt2.com failed:
8월 23, 2023 10:10:21.637 ----- Certificate i=0 (CN=*.gcp.gvt2.com) -----
8월 23, 2023 10:10:21.638 ERROR: Time is after notAfter
8월 23, 2023 10:10:21.638 
8월 23, 2023 10:10:21.639 
8월 23, 2023 10:47:15.404 [6776:12544:0823/104715.403:ERROR:cert_verify_proc_builtin.cc(701)] CertVerifyProcBuiltin for beacons.gcp.gvt2.com failed:
8월 23, 2023 10:47:15.405 ----- Certificate i=0 (CN=*.gcp.gvt2.com) -----
8월 23, 2023 10:47:15.406 ERROR: Time is after notAfter
8월 23, 2023 10:47:15.406 
8월 23, 2023 10:47:15.407 
8월 23, 2023 10:49:24.15 [6776:12544:0823/104924.014:ERROR:cert_verify_proc_builtin.cc(701)] CertVerifyProcBuiltin for e2c42.gcp.gvt2.com failed:
8월 23, 2023 10:49:24.15 ----- Certificate i=0 (CN=*.gcp.gvt2.com) -----
8월 23, 2023 10:49:24.16 ERROR: Time is after notAfter
8월 23, 2023 10:49:24.16 
8월 23, 2023 10:49:24.17 

8월 23, 2023 15:59:28.351 NEW SESSION
8월 23, 2023 15:59:28.351 [25080:21492:0823/155928.347:ERROR:cert_verify_proc_builtin.cc(701)] CertVerifyProcBuiltin for beacons.gcp.gvt2.com failed:
8월 23, 2023 15:59:28.352 ----- Certificate i=0 (CN=*.gcp.gvt2.com) -----
8월 23, 2023 15:59:28.352 ERROR: Time is after notAfter
8월 23, 2023 15:59:28.353 
8월 23, 2023 15:59:28.353 
8월 23, 2023 16:27:33.369 [25080:21492:0823/162733.368:ERROR:cert_verify_proc_builtin.cc(701)] CertVerifyProcBuiltin for e2c26.gcp.gvt2.com failed:
8월 23, 2023 16:27:33.370 ----- Certificate i=0 (CN=*.gcp.gvt2.com) -----
8월 23, 2023 16:27:33.370 ERROR: Time is after notAfter
8월 23, 2023 16:27:33.371 
8월 23, 2023 16:27:33.371 
8월 23, 2023 16:33:41.935 [25080:21492:0823/163341.934:ERROR:cert_verify_proc_builtin.cc(701)] CertVerifyProcBuiltin for beacons.gcp.gvt2.com failed:
8월 23, 2023 16:33:41.937 ----- Certificate i=0 (CN=*.gcp.gvt2.com) -----
8월 23, 2023 16:33:41.939 ERROR: Time is after notAfter
8월 23, 2023 16:33:41.941 
8월 23, 2023 16:33:41.943 
8월 23, 2023 16:33:42.802 [25080:21492:0823/163342.801:ERROR:cert_verify_proc_builtin.cc(701)] CertVerifyProcBuiltin for e2c44.gcp.gvt2.com failed:
8월 23, 2023 16:33:42.804 ----- Certificate i=0 (CN=*.gcp.gvt2.com) -----
8월 23, 2023 16:33:42.806 ERROR: Time is after notAfter
8월 23, 2023 16:33:42.808 
8월 23, 2023 16:33:42.810 
8월 23, 2023 16:43:54.101 [25080:21492:0823/164354.099:ERROR:cert_verify_proc_builtin.cc(701)] CertVerifyProcBuiltin for e2c66.gcp.gvt2.com failed:
8월 23, 2023 16:43:54.103 ----- Certificate i=0 (CN=*.gcp.gvt2.com) -----
8월 23, 2023 16:43:54.105 ERROR: Time is after notAfter
8월 23, 2023 16:43:54.108 
8월 23, 2023 16:43:54.110 
8월 23, 2023 17:03:47.343 [25080:21492:0823/170347.343:ERROR:cert_verify_proc_builtin.cc(701)] CertVerifyProcBuiltin for beacons.gcp.gvt2.com failed:
8월 23, 2023 17:03:47.344 ----- Certificate i=0 (CN=*.gcp.gvt2.com) -----
8월 23, 2023 17:03:47.344 ERROR: Time is after notAfter
8월 23, 2023 17:03:47.345 
8월 23, 2023 17:03:47.345 
8월 23, 2023 17:20:39.742 [25080:21492:0823/172039.741:ERROR:cert_verify_proc_builtin.cc(701)] CertVerifyProcBuiltin for e2c41.gcp.gvt2.com failed:
8월 23, 2023 17:20:39.743 ----- Certificate i=0 (CN=*.gcp.gvt2.com) -----
8월 23, 2023 17:20:39.744 ERROR: Time is after notAfter
8월 23, 2023 17:20:39.745 
8월 23, 2023 17:20:39.746 
8월 23, 2023 17:36:06.07 [25080:21492:0823/173606.007:ERROR:cert_verify_proc_builtin.cc(701)] CertVerifyProcBuiltin for beacons.gcp.gvt2.com failed:
8월 23, 2023 17:36:06.08 ----- Certificate i=0 (CN=*.gcp.gvt2.com) -----
8월 23, 2023 17:36:06.09 ERROR: Time is after notAfter
8월 23, 2023 17:36:06.09 
8월 23, 2023 17:36:06.10 
8월 23, 2023 17:39:26.472 [25080:25068:0823/173926.472:ERROR:CONSOLE(6)] "console.assert", source: devtools://devtools/bundled/devtools-frontend/front_end/panels/console/console.js (6)
8월 23, 2023 17:39:26.473 [25080:25068:0823/173926.472:ERROR:CONSOLE(6)] "console.assert", source: devtools://devtools/bundled/devtools-frontend/front_end/panels/console/console.js (6)
8월 23, 2023 17:39:26.474 [25080:25068:0823/173926.472:ERROR:CONSOLE(6)] "console.assert", source: devtools://devtools/bundled/devtools-frontend/front_end/panels/console/console.js (6)
8월 23, 2023 17:39:26.474 [25080:25068:0823/173926.472:ERROR:CONSOLE(6)] "console.assert", source: devtools://devtools/bundled/devtools-frontend/front_end/panels/console/console.js (6)
8월 23, 2023 17:39:26.475 [25080:25068:0823/173926.472:ERROR:CONSOLE(6)] "console.assert", source: devtools://devtools/bundled/devtools-frontend/front_end/panels/console/console.js (6)
8월 23, 2023 17:39:26.476 [25080:25068:0823/173926.472:ERROR:CONSOLE(6)] "console.assert", source: devtools://devtools/bundled/devtools-frontend/front_end/panels/console/console.js (6)
8월 23, 2023 17:39:26.476 [25080:25068:0823/173926.472:ERROR:CONSOLE(6)] "console.assert", source: devtools://devtools/bundled/devtools-frontend/front_end/panels/console/console.js (6)
8월 23, 2023 17:39:26.477 [25080:25068:0823/173926.472:ERROR:CONSOLE(6)] "console.assert", source: devtools://devtools/bundled/devtools-frontend/front_end/panels/console/console.js (6)
8월 23, 2023 17:39:26.477 [25080:25068:0823/173926.472:ERROR:CONSOLE(6)] "console.assert", source: devtools://devtools/bundled/devtools-frontend/front_end/panels/console/console.js (6)
8월 23, 2023 17:39:26.478 [25080:25068:0823/173926.472:ERROR:CONSOLE(6)] "console.assert", source: devtools://devtools/bundled/devtools-frontend/front_end/panels/console/console.js (6)
8월 23, 2023 17:39:26.478 [25080:25068:0823/173926.472:ERROR:CONSOLE(6)] "console.assert", source: devtools://devtools/bundled/devtools-frontend/front_end/panels/console/console.js (6)
8월 23, 2023 17:39:26.479 [25080:25068:0823/173926.472:ERROR:CONSOLE(6)] "console.assert", source: devtools://devtools/bundled/devtools-frontend/front_end/panels/console/console.js (6)
8월 23, 2023 17:39:26.479 [25080:25068:0823/173926.472:ERROR:CONSOLE(6)] "console.assert", source: devtools://devtools/bundled/devtools-frontend/front_end/panels/console/console.js (6)
8월 23, 2023 17:39:26.480 [25080:25068:0823/173926.472:ERROR:CONSOLE(6)] "console.assert", source: devtools://devtools/bundled/devtools-frontend/front_end/panels/console/console.js (6)
8월 23, 2023 17:39:26.480 [25080:25068:0823/173926.472:ERROR:CONSOLE(6)] "console.assert", source: devtools://devtools/bundled/devtools-frontend/front_end/panels/console/console.js (6)
8월 23, 2023 17:39:26.481 [25080:25068:0823/173926.472:ERROR:CONSOLE(6)] "console.assert", source: devtools://devtools/bundled/devtools-frontend/front_end/panels/console/console.js (6)
8월 23, 2023 17:39:26.481 [25080:25068:0823/173926.472:ERROR:CONSOLE(6)] "console.assert", source: devtools://devtools/bundled/devtools-frontend/front_end/panels/console/console.js (6)
8월 23, 2023 17:39:26.482 [25080:25068:0823/173926.472:ERROR:CONSOLE(6)] "console.assert", source: devtools://devtools/bundled/devtools-frontend/front_end/panels/console/console.js (6)
8월 23, 2023 17:39:26.482 [25080:25068:0823/173926.472:ERROR:CONSOLE(6)] "console.assert", source: devtools://devtools/bundled/devtools-frontend/front_end/panels/console/console.js (6)
8월 23, 2023 17:39:26.483 [25080:25068:0823/173926.472:ERROR:CONSOLE(6)] "console.assert", source: devtools://devtools/bundled/devtools-frontend/front_end/panels/console/console.js (6)
8월 23, 2023 17:39:26.483 [25080:25068:0823/173926.472:ERROR:CONSOLE(6)] "console.assert", source: devtools://devtools/bundled/devtools-frontend/front_end/panels/console/console.js (6)
8월 23, 2023 17:39:26.483 [25080:25068:0823/173926.472:ERROR:CONSOLE(6)] "console.assert", source: devtools://devtools/bundled/devtools-frontend/front_end/panels/console/console.js (6)
8월 23, 2023 17:39:26.484 [25080:25068:0823/173926.472:ERROR:CONSOLE(6)] "console.assert", source: devtools://devtools/bundled/devtools-frontend/front_end/panels/console/console.js (6)
8월 23, 2023 17:39:26.484 [25080:25068:0823/173926.472:ERROR:CONSOLE(6)] "console.assert", source: devtools://devtools/bundled/devtools-frontend/front_end/panels/console/console.js (6)
8월 23, 2023 17:39:26.485 [25080:25068:0823/173926.472:ERROR:CONSOLE(6)] "console.assert", source: devtools://devtools/bundled/devtools-frontend/front_end/panels/console/console.js (6)
8월 23, 2023 17:39:26.486 [25080:25068:0823/173926.472:ERROR:CONSOLE(6)] "console.assert", source: devtools://devtools/bundled/devtools-frontend/front_end/panels/console/console.js (6)
8월 23, 2023 17:39:26.486 [25080:25068:0823/173926.472:ERROR:CONSOLE(6)] "console.assert", source: devtools://devtools/bundled/devtools-frontend/front_end/panels/console/console.js (6)
8월 23, 2023 17:39:26.487 [25080:25068:0823/173926.472:ERROR:CONSOLE(6)] "console.assert", source: devtools://devtools/bundled/devtools-frontend/front_end/panels/console/console.js (6)
8월 23, 2023 17:39:26.487 [25080:25068:0823/173926.472:ERROR:CONSOLE(6)] "console.assert", source: devtools://devtools/bundled/devtools-frontend/front_end/panels/console/console.js (6)
8월 23, 2023 17:39:26.488 [25080:25068:0823/173926.472:ERROR:CONSOLE(6)] "console.assert", source: devtools://devtools/bundled/devtools-frontend/front_end/panels/console/console.js (6)
8월 23, 2023 17:39:56.368 [25080:21492:0823/173956.367:ERROR:cert_verify_proc_builtin.cc(701)] CertVerifyProcBuiltin for e2c20.gcp.gvt2.com failed:
8월 23, 2023 17:39:56.368 ----- Certificate i=0 (CN=*.gcp.gvt2.com) -----
8월 23, 2023 17:39:56.369 ERROR: Time is after notAfter
8월 23, 2023 17:39:56.369 
8월 23, 2023 17:39:56.370 

8월 24, 2023 11:16:56.153 NEW SESSION
8월 24, 2023 11:16:56.153 [3184:3324:0824/111656.150:ERROR:cert_verify_proc_builtin.cc(701)] CertVerifyProcBuiltin for beacons.gcp.gvt2.com failed:
8월 24, 2023 11:16:56.154 ----- Certificate i=0 (CN=*.gcp.gvt2.com) -----
8월 24, 2023 11:16:56.154 ERROR: Time is after notAfter
8월 24, 2023 11:16:56.155 
8월 24, 2023 11:16:56.155 
8월 24, 2023 13:29:52.34 [3184:3324:0824/132952.033:ERROR:cert_verify_proc_builtin.cc(701)] CertVerifyProcBuiltin for beacons.gcp.gvt2.com failed:
8월 24, 2023 13:29:52.36 ----- Certificate i=0 (CN=*.gcp.gvt2.com) -----
8월 24, 2023 13:29:52.36 ERROR: Time is after notAfter
8월 24, 2023 13:29:52.37 
8월 24, 2023 13:29:52.38 
8월 24, 2023 13:51:19.935 [3184:3324:0824/135119.935:ERROR:cert_verify_proc_builtin.cc(701)] CertVerifyProcBuiltin for e2c26.gcp.gvt2.com failed:
8월 24, 2023 13:51:19.936 ----- Certificate i=0 (CN=*.gcp.gvt2.com) -----
8월 24, 2023 13:51:19.937 ERROR: Time is after notAfter
8월 24, 2023 13:51:19.937 
8월 24, 2023 13:51:19.938 
8월 24, 2023 13:51:28.646 [3184:3324:0824/135128.645:ERROR:cert_verify_proc_builtin.cc(701)] CertVerifyProcBuiltin for e2c55.gcp.gvt2.com failed:
8월 24, 2023 13:51:28.649 ----- Certificate i=0 (CN=*.gcp.gvt2.com) -----
8월 24, 2023 13:51:28.651 ERROR: Time is after notAfter
8월 24, 2023 13:51:28.653 
8월 24, 2023 13:51:28.655 
8월 24, 2023 13:51:45.460 [3184:3324:0824/135145.460:ERROR:cert_verify_proc_builtin.cc(701)] CertVerifyProcBuiltin for e2c33.gcp.gvt2.com failed:
8월 24, 2023 13:51:45.461 ----- Certificate i=0 (CN=*.gcp.gvt2.com) -----
8월 24, 2023 13:51:45.461 ERROR: Time is after notAfter
8월 24, 2023 13:51:45.462 
8월 24, 2023 13:51:45.463 
8월 24, 2023 13:51:46.342 [3184:3324:0824/135146.342:ERROR:cert_verify_proc_builtin.cc(701)] CertVerifyProcBuiltin for e2c29.gcp.gvt2.com failed:
8월 24, 2023 13:51:46.343 ----- Certificate i=0 (CN=*.gcp.gvt2.com) -----
8월 24, 2023 13:51:46.344 ERROR: Time is after notAfter
8월 24, 2023 13:51:46.344 
8월 24, 2023 13:51:46.345 
8월 24, 2023 13:51:47.125 [3184:3324:0824/135147.125:ERROR:cert_verify_proc_builtin.cc(701)] CertVerifyProcBuiltin for e2c50.gcp.gvt2.com failed:
8월 24, 2023 13:51:47.126 ----- Certificate i=0 (CN=*.gcp.gvt2.com) -----
8월 24, 2023 13:51:47.127 ERROR: Time is after notAfter
8월 24, 2023 13:51:47.127 
8월 24, 2023 13:51:47.128 
