!SESSION 2023-08-30 09:04:17.537 -----------------------------------------------
eclipse.buildId=4.16.0.I20200604-0540
java.version=18.0.2.1
java.vendor=Oracle Corporation
BootLoader constants: OS=win32, ARCH=x86_64, WS=win32, NL=ko_KR
Framework arguments:  -product org.eclipse.epp.package.jee.product
Command-line arguments:  -os win32 -ws win32 -arch x86_64 -product org.eclipse.epp.package.jee.product

!ENTRY org.eclipse.egit.mylyn.ui 4 0 2023-08-30 09:04:20.339
!MESSAGE FrameworkEvent ERROR
!STACK 0
org.osgi.framework.BundleException: Could not resolve module: org.eclipse.egit.mylyn.ui [297]
  Unresolved requirement: Require-Bundle: org.eclipse.mylyn.team.ui; bundle-version="[3.20.0,4.0.0)"
    -> Bundle-SymbolicName: org.eclipse.mylyn.team.ui; bundle-version="3.25.1.v20200512-2113"; singleton:="true"
       org.eclipse.mylyn.team.ui [649]
         Unresolved requirement: Require-Bundle: org.eclipse.mylyn.tasks.ui; bundle-version="[3.8.0,4.0.0)"
           -> Bundle-SymbolicName: org.eclipse.mylyn.tasks.ui; bundle-version="3.25.1.v20200512-0316"; singleton:="true"
              org.eclipse.mylyn.tasks.ui [648]
                Unresolved requirement: Require-Bundle: org.eclipse.mylyn.commons.notifications.feed; bundle-version="1.0.0"
                  -> Bundle-SymbolicName: org.eclipse.mylyn.commons.notifications.feed; bundle-version="1.17.2.v20200813-0821"; singleton:="true"
                     org.eclipse.mylyn.commons.notifications.feed [986]
                       No resolution report for the bundle.  Unresolved requirement: Require-Bundle: org.eclipse.mylyn.tasks.ui; bundle-version="[3.20.0,4.0.0)"
    -> Bundle-SymbolicName: org.eclipse.mylyn.tasks.ui; bundle-version="3.25.1.v20200512-0316"; singleton:="true"
  Bundle was not resolved because of a uses constraint violation.
  org.apache.felix.resolver.reason.ReasonException: Uses constraint violation. Unable to resolve resource org.eclipse.mylyn.commons.notifications.feed [osgi.identity; type="osgi.bundle"; version:Version="1.17.2.v20200813-0821"; osgi.identity="org.eclipse.mylyn.commons.notifications.feed"; singleton:="true"] because it is exposed to package 'javax.xml.bind' from resources javax.xml.bind [osgi.identity; type="osgi.bundle"; version:Version="2.2.0.v201105210648"; osgi.identity="javax.xml.bind"] and jakarta.xml.bind [osgi.identity; type="osgi.bundle"; version:Version="2.3.3.v20201118-1818"; osgi.identity="jakarta.xml.bind"] via two dependency chains.

Chain 1:
  org.eclipse.mylyn.commons.notifications.feed [osgi.identity; type="osgi.bundle"; version:Version="1.17.2.v20200813-0821"; osgi.identity="org.eclipse.mylyn.commons.notifications.feed"; singleton:="true"]
    require: (&(osgi.wiring.bundle=javax.xml.bind)(bundle-version>=2.2.0))
     |
    provide: osgi.wiring.bundle: javax.xml.bind
  javax.xml.bind [osgi.identity; type="osgi.bundle"; version:Version="2.2.0.v201105210648"; osgi.identity="javax.xml.bind"]

Chain 2:
  org.eclipse.mylyn.commons.notifications.feed [osgi.identity; type="osgi.bundle"; version:Version="1.17.2.v20200813-0821"; osgi.identity="org.eclipse.mylyn.commons.notifications.feed"; singleton:="true"]
    require: (&(osgi.wiring.bundle=com.sun.xml.bind)(bundle-version>=2.2.0))
     |
    provide: osgi.wiring.bundle; bundle-version:Version="2.3.3.v20201118-1818"; osgi.wiring.bundle="com.sun.xml.bind"
  com.sun.xml.bind [osgi.identity; type="osgi.bundle"; version:Version="2.3.3.v20201118-1818"; osgi.identity="com.sun.xml.bind"]
    import: (&(osgi.wiring.package=javax.xml.bind)(&(version>=2.3.3)(!(version>=2.3.4))))
     |
    export: osgi.wiring.package: javax.xml.bind
  jakarta.xml.bind [osgi.identity; type="osgi.bundle"; version:Version="2.3.3.v20201118-1818"; osgi.identity="jakarta.xml.bind"]
	at org.eclipse.osgi.container.Module.start(Module.java:463)
	at org.eclipse.osgi.container.ModuleContainer$ContainerStartLevel$2.run(ModuleContainer.java:1845)
	at org.eclipse.osgi.internal.framework.EquinoxContainerAdaptor$1$1.execute(EquinoxContainerAdaptor.java:136)
	at org.eclipse.osgi.container.ModuleContainer$ContainerStartLevel.incStartLevel(ModuleContainer.java:1838)
	at org.eclipse.osgi.container.ModuleContainer$ContainerStartLevel.incStartLevel(ModuleContainer.java:1779)
	at org.eclipse.osgi.container.ModuleContainer$ContainerStartLevel.doContainerStartLevel(ModuleContainer.java:1743)
	at org.eclipse.osgi.container.ModuleContainer$ContainerStartLevel.dispatchEvent(ModuleContainer.java:1665)
	at org.eclipse.osgi.container.ModuleContainer$ContainerStartLevel.dispatchEvent(ModuleContainer.java:1)
	at org.eclipse.osgi.framework.eventmgr.EventManager.dispatchEvent(EventManager.java:234)
	at org.eclipse.osgi.framework.eventmgr.EventManager$EventThread.run(EventManager.java:345)

!ENTRY org.eclipse.mylyn.bugzilla.ui 4 0 2023-08-30 09:04:21.359
!MESSAGE FrameworkEvent ERROR
!STACK 0
org.osgi.framework.BundleException: Could not resolve module: org.eclipse.mylyn.bugzilla.ui [616]
  Unresolved requirement: Require-Bundle: org.eclipse.mylyn.tasks.ui; bundle-version="[3.8.0,4.0.0)"
    -> Bundle-SymbolicName: org.eclipse.mylyn.tasks.ui; bundle-version="3.25.1.v20200512-0316"; singleton:="true"
       org.eclipse.mylyn.tasks.ui [648]
         Unresolved requirement: Require-Bundle: org.eclipse.mylyn.commons.notifications.feed; bundle-version="1.0.0"
           -> Bundle-SymbolicName: org.eclipse.mylyn.commons.notifications.feed; bundle-version="1.17.2.v20200813-0821"; singleton:="true"
              org.eclipse.mylyn.commons.notifications.feed [986]
                No resolution report for the bundle.  Bundle was not resolved because of a uses constraint violation.
  org.apache.felix.resolver.reason.ReasonException: Uses constraint violation. Unable to resolve resource org.eclipse.mylyn.commons.notifications.feed [osgi.identity; type="osgi.bundle"; version:Version="1.17.2.v20200813-0821"; osgi.identity="org.eclipse.mylyn.commons.notifications.feed"; singleton:="true"] because it is exposed to package 'javax.xml.bind' from resources javax.xml.bind [osgi.identity; type="osgi.bundle"; version:Version="2.2.0.v201105210648"; osgi.identity="javax.xml.bind"] and jakarta.xml.bind [osgi.identity; type="osgi.bundle"; version:Version="2.3.3.v20201118-1818"; osgi.identity="jakarta.xml.bind"] via two dependency chains.

Chain 1:
  org.eclipse.mylyn.commons.notifications.feed [osgi.identity; type="osgi.bundle"; version:Version="1.17.2.v20200813-0821"; osgi.identity="org.eclipse.mylyn.commons.notifications.feed"; singleton:="true"]
    require: (&(osgi.wiring.bundle=javax.xml.bind)(bundle-version>=2.2.0))
     |
    provide: osgi.wiring.bundle: javax.xml.bind
  javax.xml.bind [osgi.identity; type="osgi.bundle"; version:Version="2.2.0.v201105210648"; osgi.identity="javax.xml.bind"]

Chain 2:
  org.eclipse.mylyn.commons.notifications.feed [osgi.identity; type="osgi.bundle"; version:Version="1.17.2.v20200813-0821"; osgi.identity="org.eclipse.mylyn.commons.notifications.feed"; singleton:="true"]
    require: (&(osgi.wiring.bundle=com.sun.xml.bind)(bundle-version>=2.2.0))
     |
    provide: osgi.wiring.bundle; bundle-version:Version="2.3.3.v20201118-1818"; osgi.wiring.bundle="com.sun.xml.bind"
  com.sun.xml.bind [osgi.identity; type="osgi.bundle"; version:Version="2.3.3.v20201118-1818"; osgi.identity="com.sun.xml.bind"]
    import: (&(osgi.wiring.package=javax.xml.bind)(&(version>=2.3.3)(!(version>=2.3.4))))
     |
    export: osgi.wiring.package: javax.xml.bind
  jakarta.xml.bind [osgi.identity; type="osgi.bundle"; version:Version="2.3.3.v20201118-1818"; osgi.identity="jakarta.xml.bind"]
	at org.eclipse.osgi.container.Module.start(Module.java:463)
	at org.eclipse.osgi.container.ModuleContainer$ContainerStartLevel$2.run(ModuleContainer.java:1845)
	at org.eclipse.osgi.internal.framework.EquinoxContainerAdaptor$1$1.execute(EquinoxContainerAdaptor.java:136)
	at org.eclipse.osgi.container.ModuleContainer$ContainerStartLevel.incStartLevel(ModuleContainer.java:1838)
	at org.eclipse.osgi.container.ModuleContainer$ContainerStartLevel.incStartLevel(ModuleContainer.java:1779)
	at org.eclipse.osgi.container.ModuleContainer$ContainerStartLevel.doContainerStartLevel(ModuleContainer.java:1743)
	at org.eclipse.osgi.container.ModuleContainer$ContainerStartLevel.dispatchEvent(ModuleContainer.java:1665)
	at org.eclipse.osgi.container.ModuleContainer$ContainerStartLevel.dispatchEvent(ModuleContainer.java:1)
	at org.eclipse.osgi.framework.eventmgr.EventManager.dispatchEvent(EventManager.java:234)
	at org.eclipse.osgi.framework.eventmgr.EventManager$EventThread.run(EventManager.java:345)

!ENTRY org.eclipse.mylyn.context.tasks.ui 4 0 2023-08-30 09:04:21.464
!MESSAGE FrameworkEvent ERROR
!STACK 0
org.osgi.framework.BundleException: Could not resolve module: org.eclipse.mylyn.context.tasks.ui [630]
  Unresolved requirement: Require-Bundle: org.eclipse.mylyn.tasks.ui; bundle-version="3.8.0"
    -> Bundle-SymbolicName: org.eclipse.mylyn.tasks.ui; bundle-version="3.25.1.v20200512-0316"; singleton:="true"
       org.eclipse.mylyn.tasks.ui [648]
         Unresolved requirement: Require-Bundle: org.eclipse.mylyn.commons.notifications.feed; bundle-version="1.0.0"
           -> Bundle-SymbolicName: org.eclipse.mylyn.commons.notifications.feed; bundle-version="1.17.2.v20200813-0821"; singleton:="true"
              org.eclipse.mylyn.commons.notifications.feed [986]
                No resolution report for the bundle.  Bundle was not resolved because of a uses constraint violation.
  org.apache.felix.resolver.reason.ReasonException: Uses constraint violation. Unable to resolve resource org.eclipse.mylyn.commons.notifications.feed [osgi.identity; type="osgi.bundle"; version:Version="1.17.2.v20200813-0821"; osgi.identity="org.eclipse.mylyn.commons.notifications.feed"; singleton:="true"] because it is exposed to package 'javax.xml.bind' from resources javax.xml.bind [osgi.identity; type="osgi.bundle"; version:Version="2.2.0.v201105210648"; osgi.identity="javax.xml.bind"] and jakarta.xml.bind [osgi.identity; type="osgi.bundle"; version:Version="2.3.3.v20201118-1818"; osgi.identity="jakarta.xml.bind"] via two dependency chains.

Chain 1:
  org.eclipse.mylyn.commons.notifications.feed [osgi.identity; type="osgi.bundle"; version:Version="1.17.2.v20200813-0821"; osgi.identity="org.eclipse.mylyn.commons.notifications.feed"; singleton:="true"]
    require: (&(osgi.wiring.bundle=javax.xml.bind)(bundle-version>=2.2.0))
     |
    provide: osgi.wiring.bundle: javax.xml.bind
  javax.xml.bind [osgi.identity; type="osgi.bundle"; version:Version="2.2.0.v201105210648"; osgi.identity="javax.xml.bind"]

Chain 2:
  org.eclipse.mylyn.commons.notifications.feed [osgi.identity; type="osgi.bundle"; version:Version="1.17.2.v20200813-0821"; osgi.identity="org.eclipse.mylyn.commons.notifications.feed"; singleton:="true"]
    require: (&(osgi.wiring.bundle=com.sun.xml.bind)(bundle-version>=2.2.0))
     |
    provide: osgi.wiring.bundle; bundle-version:Version="2.3.3.v20201118-1818"; osgi.wiring.bundle="com.sun.xml.bind"
  com.sun.xml.bind [osgi.identity; type="osgi.bundle"; version:Version="2.3.3.v20201118-1818"; osgi.identity="com.sun.xml.bind"]
    import: (&(osgi.wiring.package=javax.xml.bind)(&(version>=2.3.3)(!(version>=2.3.4))))
     |
    export: osgi.wiring.package: javax.xml.bind
  jakarta.xml.bind [osgi.identity; type="osgi.bundle"; version:Version="2.3.3.v20201118-1818"; osgi.identity="jakarta.xml.bind"]
	at org.eclipse.osgi.container.Module.start(Module.java:463)
	at org.eclipse.osgi.container.ModuleContainer$ContainerStartLevel$2.run(ModuleContainer.java:1845)
	at org.eclipse.osgi.internal.framework.EquinoxContainerAdaptor$1$1.execute(EquinoxContainerAdaptor.java:136)
	at org.eclipse.osgi.container.ModuleContainer$ContainerStartLevel.incStartLevel(ModuleContainer.java:1838)
	at org.eclipse.osgi.container.ModuleContainer$ContainerStartLevel.incStartLevel(ModuleContainer.java:1779)
	at org.eclipse.osgi.container.ModuleContainer$ContainerStartLevel.doContainerStartLevel(ModuleContainer.java:1743)
	at org.eclipse.osgi.container.ModuleContainer$ContainerStartLevel.dispatchEvent(ModuleContainer.java:1665)
	at org.eclipse.osgi.container.ModuleContainer$ContainerStartLevel.dispatchEvent(ModuleContainer.java:1)
	at org.eclipse.osgi.framework.eventmgr.EventManager.dispatchEvent(EventManager.java:234)
	at org.eclipse.osgi.framework.eventmgr.EventManager$EventThread.run(EventManager.java:345)

!ENTRY org.eclipse.mylyn.java.tasks 4 0 2023-08-30 09:04:21.564
!MESSAGE FrameworkEvent ERROR
!STACK 0
org.osgi.framework.BundleException: Could not resolve module: org.eclipse.mylyn.java.tasks [638]
  Unresolved requirement: Require-Bundle: org.eclipse.mylyn.tasks.ui; bundle-version="[3.8.0,4.0.0)"
    -> Bundle-SymbolicName: org.eclipse.mylyn.tasks.ui; bundle-version="3.25.1.v20200512-0316"; singleton:="true"
       org.eclipse.mylyn.tasks.ui [648]
         Unresolved requirement: Require-Bundle: org.eclipse.mylyn.commons.notifications.feed; bundle-version="1.0.0"
           -> Bundle-SymbolicName: org.eclipse.mylyn.commons.notifications.feed; bundle-version="1.17.2.v20200813-0821"; singleton:="true"
              org.eclipse.mylyn.commons.notifications.feed [986]
                No resolution report for the bundle.  Bundle was not resolved because of a uses constraint violation.
  org.apache.felix.resolver.reason.ReasonException: Uses constraint violation. Unable to resolve resource org.eclipse.mylyn.commons.notifications.feed [osgi.identity; type="osgi.bundle"; version:Version="1.17.2.v20200813-0821"; osgi.identity="org.eclipse.mylyn.commons.notifications.feed"; singleton:="true"] because it is exposed to package 'javax.xml.bind' from resources javax.xml.bind [osgi.identity; type="osgi.bundle"; version:Version="2.2.0.v201105210648"; osgi.identity="javax.xml.bind"] and jakarta.xml.bind [osgi.identity; type="osgi.bundle"; version:Version="2.3.3.v20201118-1818"; osgi.identity="jakarta.xml.bind"] via two dependency chains.

Chain 1:
  org.eclipse.mylyn.commons.notifications.feed [osgi.identity; type="osgi.bundle"; version:Version="1.17.2.v20200813-0821"; osgi.identity="org.eclipse.mylyn.commons.notifications.feed"; singleton:="true"]
    require: (&(osgi.wiring.bundle=javax.xml.bind)(bundle-version>=2.2.0))
     |
    provide: osgi.wiring.bundle: javax.xml.bind
  javax.xml.bind [osgi.identity; type="osgi.bundle"; version:Version="2.2.0.v201105210648"; osgi.identity="javax.xml.bind"]

Chain 2:
  org.eclipse.mylyn.commons.notifications.feed [osgi.identity; type="osgi.bundle"; version:Version="1.17.2.v20200813-0821"; osgi.identity="org.eclipse.mylyn.commons.notifications.feed"; singleton:="true"]
    require: (&(osgi.wiring.bundle=com.sun.xml.bind)(bundle-version>=2.2.0))
     |
    provide: osgi.wiring.bundle; bundle-version:Version="2.3.3.v20201118-1818"; osgi.wiring.bundle="com.sun.xml.bind"
  com.sun.xml.bind [osgi.identity; type="osgi.bundle"; version:Version="2.3.3.v20201118-1818"; osgi.identity="com.sun.xml.bind"]
    import: (&(osgi.wiring.package=javax.xml.bind)(&(version>=2.3.3)(!(version>=2.3.4))))
     |
    export: osgi.wiring.package: javax.xml.bind
  jakarta.xml.bind [osgi.identity; type="osgi.bundle"; version:Version="2.3.3.v20201118-1818"; osgi.identity="jakarta.xml.bind"]
	at org.eclipse.osgi.container.Module.start(Module.java:463)
	at org.eclipse.osgi.container.ModuleContainer$ContainerStartLevel$2.run(ModuleContainer.java:1845)
	at org.eclipse.osgi.internal.framework.EquinoxContainerAdaptor$1$1.execute(EquinoxContainerAdaptor.java:136)
	at org.eclipse.osgi.container.ModuleContainer$ContainerStartLevel.incStartLevel(ModuleContainer.java:1838)
	at org.eclipse.osgi.container.ModuleContainer$ContainerStartLevel.incStartLevel(ModuleContainer.java:1779)
	at org.eclipse.osgi.container.ModuleContainer$ContainerStartLevel.doContainerStartLevel(ModuleContainer.java:1743)
	at org.eclipse.osgi.container.ModuleContainer$ContainerStartLevel.dispatchEvent(ModuleContainer.java:1665)
	at org.eclipse.osgi.container.ModuleContainer$ContainerStartLevel.dispatchEvent(ModuleContainer.java:1)
	at org.eclipse.osgi.framework.eventmgr.EventManager.dispatchEvent(EventManager.java:234)
	at org.eclipse.osgi.framework.eventmgr.EventManager$EventThread.run(EventManager.java:345)

!ENTRY org.eclipse.mylyn.tasks.bugs 4 0 2023-08-30 09:04:21.655
!MESSAGE FrameworkEvent ERROR
!STACK 0
org.osgi.framework.BundleException: Could not resolve module: org.eclipse.mylyn.tasks.bugs [643]
  Unresolved requirement: Require-Bundle: org.eclipse.mylyn.tasks.ui; bundle-version="[3.8.0,4.0.0)"
    -> Bundle-SymbolicName: org.eclipse.mylyn.tasks.ui; bundle-version="3.25.1.v20200512-0316"; singleton:="true"
       org.eclipse.mylyn.tasks.ui [648]
         Unresolved requirement: Require-Bundle: org.eclipse.mylyn.commons.notifications.feed; bundle-version="1.0.0"
           -> Bundle-SymbolicName: org.eclipse.mylyn.commons.notifications.feed; bundle-version="1.17.2.v20200813-0821"; singleton:="true"
              org.eclipse.mylyn.commons.notifications.feed [986]
                No resolution report for the bundle.  Bundle was not resolved because of a uses constraint violation.
  org.apache.felix.resolver.reason.ReasonException: Uses constraint violation. Unable to resolve resource org.eclipse.mylyn.commons.notifications.feed [osgi.identity; type="osgi.bundle"; version:Version="1.17.2.v20200813-0821"; osgi.identity="org.eclipse.mylyn.commons.notifications.feed"; singleton:="true"] because it is exposed to package 'javax.xml.bind' from resources javax.xml.bind [osgi.identity; type="osgi.bundle"; version:Version="2.2.0.v201105210648"; osgi.identity="javax.xml.bind"] and jakarta.xml.bind [osgi.identity; type="osgi.bundle"; version:Version="2.3.3.v20201118-1818"; osgi.identity="jakarta.xml.bind"] via two dependency chains.

Chain 1:
  org.eclipse.mylyn.commons.notifications.feed [osgi.identity; type="osgi.bundle"; version:Version="1.17.2.v20200813-0821"; osgi.identity="org.eclipse.mylyn.commons.notifications.feed"; singleton:="true"]
    require: (&(osgi.wiring.bundle=javax.xml.bind)(bundle-version>=2.2.0))
     |
    provide: osgi.wiring.bundle: javax.xml.bind
  javax.xml.bind [osgi.identity; type="osgi.bundle"; version:Version="2.2.0.v201105210648"; osgi.identity="javax.xml.bind"]

Chain 2:
  org.eclipse.mylyn.commons.notifications.feed [osgi.identity; type="osgi.bundle"; version:Version="1.17.2.v20200813-0821"; osgi.identity="org.eclipse.mylyn.commons.notifications.feed"; singleton:="true"]
    require: (&(osgi.wiring.bundle=com.sun.xml.bind)(bundle-version>=2.2.0))
     |
    provide: osgi.wiring.bundle; bundle-version:Version="2.3.3.v20201118-1818"; osgi.wiring.bundle="com.sun.xml.bind"
  com.sun.xml.bind [osgi.identity; type="osgi.bundle"; version:Version="2.3.3.v20201118-1818"; osgi.identity="com.sun.xml.bind"]
    import: (&(osgi.wiring.package=javax.xml.bind)(&(version>=2.3.3)(!(version>=2.3.4))))
     |
    export: osgi.wiring.package: javax.xml.bind
  jakarta.xml.bind [osgi.identity; type="osgi.bundle"; version:Version="2.3.3.v20201118-1818"; osgi.identity="jakarta.xml.bind"]
	at org.eclipse.osgi.container.Module.start(Module.java:463)
	at org.eclipse.osgi.container.ModuleContainer$ContainerStartLevel$2.run(ModuleContainer.java:1845)
	at org.eclipse.osgi.internal.framework.EquinoxContainerAdaptor$1$1.execute(EquinoxContainerAdaptor.java:136)
	at org.eclipse.osgi.container.ModuleContainer$ContainerStartLevel.incStartLevel(ModuleContainer.java:1838)
	at org.eclipse.osgi.container.ModuleContainer$ContainerStartLevel.incStartLevel(ModuleContainer.java:1779)
	at org.eclipse.osgi.container.ModuleContainer$ContainerStartLevel.doContainerStartLevel(ModuleContainer.java:1743)
	at org.eclipse.osgi.container.ModuleContainer$ContainerStartLevel.dispatchEvent(ModuleContainer.java:1665)
	at org.eclipse.osgi.container.ModuleContainer$ContainerStartLevel.dispatchEvent(ModuleContainer.java:1)
	at org.eclipse.osgi.framework.eventmgr.EventManager.dispatchEvent(EventManager.java:234)
	at org.eclipse.osgi.framework.eventmgr.EventManager$EventThread.run(EventManager.java:345)

!ENTRY org.eclipse.mylyn.tasks.ui 4 0 2023-08-30 09:04:21.768
!MESSAGE FrameworkEvent ERROR
!STACK 0
org.osgi.framework.BundleException: Could not resolve module: org.eclipse.mylyn.tasks.ui [648]
  Unresolved requirement: Require-Bundle: org.eclipse.mylyn.commons.notifications.feed; bundle-version="1.0.0"
    -> Bundle-SymbolicName: org.eclipse.mylyn.commons.notifications.feed; bundle-version="1.17.2.v20200813-0821"; singleton:="true"
       org.eclipse.mylyn.commons.notifications.feed [986]
         No resolution report for the bundle.  Bundle was not resolved because of a uses constraint violation.
  org.apache.felix.resolver.reason.ReasonException: Uses constraint violation. Unable to resolve resource org.eclipse.mylyn.commons.notifications.feed [osgi.identity; type="osgi.bundle"; version:Version="1.17.2.v20200813-0821"; osgi.identity="org.eclipse.mylyn.commons.notifications.feed"; singleton:="true"] because it is exposed to package 'javax.xml.bind' from resources javax.xml.bind [osgi.identity; type="osgi.bundle"; version:Version="2.2.0.v201105210648"; osgi.identity="javax.xml.bind"] and jakarta.xml.bind [osgi.identity; type="osgi.bundle"; version:Version="2.3.3.v20201118-1818"; osgi.identity="jakarta.xml.bind"] via two dependency chains.

Chain 1:
  org.eclipse.mylyn.commons.notifications.feed [osgi.identity; type="osgi.bundle"; version:Version="1.17.2.v20200813-0821"; osgi.identity="org.eclipse.mylyn.commons.notifications.feed"; singleton:="true"]
    require: (&(osgi.wiring.bundle=javax.xml.bind)(bundle-version>=2.2.0))
     |
    provide: osgi.wiring.bundle: javax.xml.bind
  javax.xml.bind [osgi.identity; type="osgi.bundle"; version:Version="2.2.0.v201105210648"; osgi.identity="javax.xml.bind"]

Chain 2:
  org.eclipse.mylyn.commons.notifications.feed [osgi.identity; type="osgi.bundle"; version:Version="1.17.2.v20200813-0821"; osgi.identity="org.eclipse.mylyn.commons.notifications.feed"; singleton:="true"]
    require: (&(osgi.wiring.bundle=com.sun.xml.bind)(bundle-version>=2.2.0))
     |
    provide: osgi.wiring.bundle; bundle-version:Version="2.3.3.v20201118-1818"; osgi.wiring.bundle="com.sun.xml.bind"
  com.sun.xml.bind [osgi.identity; type="osgi.bundle"; version:Version="2.3.3.v20201118-1818"; osgi.identity="com.sun.xml.bind"]
    import: (&(osgi.wiring.package=javax.xml.bind)(&(version>=2.3.3)(!(version>=2.3.4))))
     |
    export: osgi.wiring.package: javax.xml.bind
  jakarta.xml.bind [osgi.identity; type="osgi.bundle"; version:Version="2.3.3.v20201118-1818"; osgi.identity="jakarta.xml.bind"]
	at org.eclipse.osgi.container.Module.start(Module.java:463)
	at org.eclipse.osgi.container.ModuleContainer$ContainerStartLevel$2.run(ModuleContainer.java:1845)
	at org.eclipse.osgi.internal.framework.EquinoxContainerAdaptor$1$1.execute(EquinoxContainerAdaptor.java:136)
	at org.eclipse.osgi.container.ModuleContainer$ContainerStartLevel.incStartLevel(ModuleContainer.java:1838)
	at org.eclipse.osgi.container.ModuleContainer$ContainerStartLevel.incStartLevel(ModuleContainer.java:1779)
	at org.eclipse.osgi.container.ModuleContainer$ContainerStartLevel.doContainerStartLevel(ModuleContainer.java:1743)
	at org.eclipse.osgi.container.ModuleContainer$ContainerStartLevel.dispatchEvent(ModuleContainer.java:1665)
	at org.eclipse.osgi.container.ModuleContainer$ContainerStartLevel.dispatchEvent(ModuleContainer.java:1)
	at org.eclipse.osgi.framework.eventmgr.EventManager.dispatchEvent(EventManager.java:234)
	at org.eclipse.osgi.framework.eventmgr.EventManager$EventThread.run(EventManager.java:345)

!ENTRY org.eclipse.mylyn.team.ui 4 0 2023-08-30 09:04:22.011
!MESSAGE FrameworkEvent ERROR
!STACK 0
org.osgi.framework.BundleException: Could not resolve module: org.eclipse.mylyn.team.ui [649]
  Unresolved requirement: Require-Bundle: org.eclipse.mylyn.tasks.ui; bundle-version="[3.8.0,4.0.0)"
    -> Bundle-SymbolicName: org.eclipse.mylyn.tasks.ui; bundle-version="3.25.1.v20200512-0316"; singleton:="true"
       org.eclipse.mylyn.tasks.ui [648]
         Unresolved requirement: Require-Bundle: org.eclipse.mylyn.commons.notifications.feed; bundle-version="1.0.0"
           -> Bundle-SymbolicName: org.eclipse.mylyn.commons.notifications.feed; bundle-version="1.17.2.v20200813-0821"; singleton:="true"
              org.eclipse.mylyn.commons.notifications.feed [986]
                No resolution report for the bundle.  Bundle was not resolved because of a uses constraint violation.
  org.apache.felix.resolver.reason.ReasonException: Uses constraint violation. Unable to resolve resource org.eclipse.mylyn.commons.notifications.feed [osgi.identity; type="osgi.bundle"; version:Version="1.17.2.v20200813-0821"; osgi.identity="org.eclipse.mylyn.commons.notifications.feed"; singleton:="true"] because it is exposed to package 'javax.xml.bind' from resources javax.xml.bind [osgi.identity; type="osgi.bundle"; version:Version="2.2.0.v201105210648"; osgi.identity="javax.xml.bind"] and jakarta.xml.bind [osgi.identity; type="osgi.bundle"; version:Version="2.3.3.v20201118-1818"; osgi.identity="jakarta.xml.bind"] via two dependency chains.

Chain 1:
  org.eclipse.mylyn.commons.notifications.feed [osgi.identity; type="osgi.bundle"; version:Version="1.17.2.v20200813-0821"; osgi.identity="org.eclipse.mylyn.commons.notifications.feed"; singleton:="true"]
    require: (&(osgi.wiring.bundle=javax.xml.bind)(bundle-version>=2.2.0))
     |
    provide: osgi.wiring.bundle: javax.xml.bind
  javax.xml.bind [osgi.identity; type="osgi.bundle"; version:Version="2.2.0.v201105210648"; osgi.identity="javax.xml.bind"]

Chain 2:
  org.eclipse.mylyn.commons.notifications.feed [osgi.identity; type="osgi.bundle"; version:Version="1.17.2.v20200813-0821"; osgi.identity="org.eclipse.mylyn.commons.notifications.feed"; singleton:="true"]
    require: (&(osgi.wiring.bundle=com.sun.xml.bind)(bundle-version>=2.2.0))
     |
    provide: osgi.wiring.bundle; bundle-version:Version="2.3.3.v20201118-1818"; osgi.wiring.bundle="com.sun.xml.bind"
  com.sun.xml.bind [osgi.identity; type="osgi.bundle"; version:Version="2.3.3.v20201118-1818"; osgi.identity="com.sun.xml.bind"]
    import: (&(osgi.wiring.package=javax.xml.bind)(&(version>=2.3.3)(!(version>=2.3.4))))
     |
    export: osgi.wiring.package: javax.xml.bind
  jakarta.xml.bind [osgi.identity; type="osgi.bundle"; version:Version="2.3.3.v20201118-1818"; osgi.identity="jakarta.xml.bind"]
	at org.eclipse.osgi.container.Module.start(Module.java:463)
	at org.eclipse.osgi.container.ModuleContainer$ContainerStartLevel$2.run(ModuleContainer.java:1845)
	at org.eclipse.osgi.internal.framework.EquinoxContainerAdaptor$1$1.execute(EquinoxContainerAdaptor.java:136)
	at org.eclipse.osgi.container.ModuleContainer$ContainerStartLevel.incStartLevel(ModuleContainer.java:1838)
	at org.eclipse.osgi.container.ModuleContainer$ContainerStartLevel.incStartLevel(ModuleContainer.java:1779)
	at org.eclipse.osgi.container.ModuleContainer$ContainerStartLevel.doContainerStartLevel(ModuleContainer.java:1743)
	at org.eclipse.osgi.container.ModuleContainer$ContainerStartLevel.dispatchEvent(ModuleContainer.java:1665)
	at org.eclipse.osgi.container.ModuleContainer$ContainerStartLevel.dispatchEvent(ModuleContainer.java:1)
	at org.eclipse.osgi.framework.eventmgr.EventManager.dispatchEvent(EventManager.java:234)
	at org.eclipse.osgi.framework.eventmgr.EventManager$EventThread.run(EventManager.java:345)

!ENTRY org.eclipse.mylyn.wikitext.tasks.ui 4 0 2023-08-30 09:04:22.124
!MESSAGE FrameworkEvent ERROR
!STACK 0
org.osgi.framework.BundleException: Could not resolve module: org.eclipse.mylyn.wikitext.tasks.ui [664]
  Unresolved requirement: Require-Bundle: org.eclipse.mylyn.tasks.ui; bundle-version="3.7.0"
    -> Bundle-SymbolicName: org.eclipse.mylyn.tasks.ui; bundle-version="3.25.1.v20200512-0316"; singleton:="true"
       org.eclipse.mylyn.tasks.ui [648]
         Unresolved requirement: Require-Bundle: org.eclipse.mylyn.commons.notifications.feed; bundle-version="1.0.0"
           -> Bundle-SymbolicName: org.eclipse.mylyn.commons.notifications.feed; bundle-version="1.17.2.v20200813-0821"; singleton:="true"
              org.eclipse.mylyn.commons.notifications.feed [986]
                No resolution report for the bundle.  Bundle was not resolved because of a uses constraint violation.
  org.apache.felix.resolver.reason.ReasonException: Uses constraint violation. Unable to resolve resource org.eclipse.mylyn.commons.notifications.feed [osgi.identity; type="osgi.bundle"; version:Version="1.17.2.v20200813-0821"; osgi.identity="org.eclipse.mylyn.commons.notifications.feed"; singleton:="true"] because it is exposed to package 'javax.xml.bind' from resources javax.xml.bind [osgi.identity; type="osgi.bundle"; version:Version="2.2.0.v201105210648"; osgi.identity="javax.xml.bind"] and jakarta.xml.bind [osgi.identity; type="osgi.bundle"; version:Version="2.3.3.v20201118-1818"; osgi.identity="jakarta.xml.bind"] via two dependency chains.

Chain 1:
  org.eclipse.mylyn.commons.notifications.feed [osgi.identity; type="osgi.bundle"; version:Version="1.17.2.v20200813-0821"; osgi.identity="org.eclipse.mylyn.commons.notifications.feed"; singleton:="true"]
    require: (&(osgi.wiring.bundle=javax.xml.bind)(bundle-version>=2.2.0))
     |
    provide: osgi.wiring.bundle: javax.xml.bind
  javax.xml.bind [osgi.identity; type="osgi.bundle"; version:Version="2.2.0.v201105210648"; osgi.identity="javax.xml.bind"]

Chain 2:
  org.eclipse.mylyn.commons.notifications.feed [osgi.identity; type="osgi.bundle"; version:Version="1.17.2.v20200813-0821"; osgi.identity="org.eclipse.mylyn.commons.notifications.feed"; singleton:="true"]
    require: (&(osgi.wiring.bundle=com.sun.xml.bind)(bundle-version>=2.2.0))
     |
    provide: osgi.wiring.bundle; bundle-version:Version="2.3.3.v20201118-1818"; osgi.wiring.bundle="com.sun.xml.bind"
  com.sun.xml.bind [osgi.identity; type="osgi.bundle"; version:Version="2.3.3.v20201118-1818"; osgi.identity="com.sun.xml.bind"]
    import: (&(osgi.wiring.package=javax.xml.bind)(&(version>=2.3.3)(!(version>=2.3.4))))
     |
    export: osgi.wiring.package: javax.xml.bind
  jakarta.xml.bind [osgi.identity; type="osgi.bundle"; version:Version="2.3.3.v20201118-1818"; osgi.identity="jakarta.xml.bind"]
	at org.eclipse.osgi.container.Module.start(Module.java:463)
	at org.eclipse.osgi.container.ModuleContainer$ContainerStartLevel$2.run(ModuleContainer.java:1845)
	at org.eclipse.osgi.internal.framework.EquinoxContainerAdaptor$1$1.execute(EquinoxContainerAdaptor.java:136)
	at org.eclipse.osgi.container.ModuleContainer$ContainerStartLevel.incStartLevel(ModuleContainer.java:1838)
	at org.eclipse.osgi.container.ModuleContainer$ContainerStartLevel.incStartLevel(ModuleContainer.java:1779)
	at org.eclipse.osgi.container.ModuleContainer$ContainerStartLevel.doContainerStartLevel(ModuleContainer.java:1743)
	at org.eclipse.osgi.container.ModuleContainer$ContainerStartLevel.dispatchEvent(ModuleContainer.java:1665)
	at org.eclipse.osgi.container.ModuleContainer$ContainerStartLevel.dispatchEvent(ModuleContainer.java:1)
	at org.eclipse.osgi.framework.eventmgr.EventManager.dispatchEvent(EventManager.java:234)
	at org.eclipse.osgi.framework.eventmgr.EventManager$EventThread.run(EventManager.java:345)

!ENTRY org.eclipse.mylyn.commons.notifications.feed 4 0 2023-08-30 09:04:22.848
!MESSAGE FrameworkEvent ERROR
!STACK 0
org.osgi.framework.BundleException: Could not resolve module: org.eclipse.mylyn.commons.notifications.feed [986]
  Bundle was not resolved because of a uses constraint violation.
  org.apache.felix.resolver.reason.ReasonException: Uses constraint violation. Unable to resolve resource org.eclipse.mylyn.commons.notifications.feed [osgi.identity; type="osgi.bundle"; version:Version="1.17.2.v20200813-0821"; osgi.identity="org.eclipse.mylyn.commons.notifications.feed"; singleton:="true"] because it is exposed to package 'javax.xml.bind' from resources javax.xml.bind [osgi.identity; type="osgi.bundle"; version:Version="2.2.0.v201105210648"; osgi.identity="javax.xml.bind"] and jakarta.xml.bind [osgi.identity; type="osgi.bundle"; version:Version="2.3.3.v20201118-1818"; osgi.identity="jakarta.xml.bind"] via two dependency chains.

Chain 1:
  org.eclipse.mylyn.commons.notifications.feed [osgi.identity; type="osgi.bundle"; version:Version="1.17.2.v20200813-0821"; osgi.identity="org.eclipse.mylyn.commons.notifications.feed"; singleton:="true"]
    require: (&(osgi.wiring.bundle=javax.xml.bind)(bundle-version>=2.2.0))
     |
    provide: osgi.wiring.bundle: javax.xml.bind
  javax.xml.bind [osgi.identity; type="osgi.bundle"; version:Version="2.2.0.v201105210648"; osgi.identity="javax.xml.bind"]

Chain 2:
  org.eclipse.mylyn.commons.notifications.feed [osgi.identity; type="osgi.bundle"; version:Version="1.17.2.v20200813-0821"; osgi.identity="org.eclipse.mylyn.commons.notifications.feed"; singleton:="true"]
    require: (&(osgi.wiring.bundle=com.sun.xml.bind)(bundle-version>=2.2.0))
     |
    provide: osgi.wiring.bundle; bundle-version:Version="2.3.3.v20201118-1818"; osgi.wiring.bundle="com.sun.xml.bind"
  com.sun.xml.bind [osgi.identity; type="osgi.bundle"; version:Version="2.3.3.v20201118-1818"; osgi.identity="com.sun.xml.bind"]
    import: (&(osgi.wiring.package=javax.xml.bind)(&(version>=2.3.3)(!(version>=2.3.4))))
     |
    export: osgi.wiring.package: javax.xml.bind
  jakarta.xml.bind [osgi.identity; type="osgi.bundle"; version:Version="2.3.3.v20201118-1818"; osgi.identity="jakarta.xml.bind"]
	at org.eclipse.osgi.container.Module.start(Module.java:463)
	at org.eclipse.osgi.container.ModuleContainer$ContainerStartLevel$2.run(ModuleContainer.java:1845)
	at org.eclipse.osgi.internal.framework.EquinoxContainerAdaptor$1$1.execute(EquinoxContainerAdaptor.java:136)
	at org.eclipse.osgi.container.ModuleContainer$ContainerStartLevel.incStartLevel(ModuleContainer.java:1838)
	at org.eclipse.osgi.container.ModuleContainer$ContainerStartLevel.incStartLevel(ModuleContainer.java:1779)
	at org.eclipse.osgi.container.ModuleContainer$ContainerStartLevel.doContainerStartLevel(ModuleContainer.java:1743)
	at org.eclipse.osgi.container.ModuleContainer$ContainerStartLevel.dispatchEvent(ModuleContainer.java:1665)
	at org.eclipse.osgi.container.ModuleContainer$ContainerStartLevel.dispatchEvent(ModuleContainer.java:1)
	at org.eclipse.osgi.framework.eventmgr.EventManager.dispatchEvent(EventManager.java:234)
	at org.eclipse.osgi.framework.eventmgr.EventManager$EventThread.run(EventManager.java:345)

!ENTRY org.springframework.ide.eclipse.config.ui 4 0 2023-08-30 09:04:22.956
!MESSAGE FrameworkEvent ERROR
!STACK 0
org.osgi.framework.BundleException: Could not resolve module: org.springframework.ide.eclipse.config.ui [1063]
  Unresolved requirement: Require-Bundle: org.eclipse.mylyn.tasks.ui; bundle-version="[3.7.0,4.0.0)"
    -> Bundle-SymbolicName: org.eclipse.mylyn.tasks.ui; bundle-version="3.25.1.v20200512-0316"; singleton:="true"
       org.eclipse.mylyn.tasks.ui [648]
         Unresolved requirement: Require-Bundle: org.eclipse.mylyn.commons.notifications.feed; bundle-version="1.0.0"
           -> Bundle-SymbolicName: org.eclipse.mylyn.commons.notifications.feed; bundle-version="1.17.2.v20200813-0821"; singleton:="true"
              org.eclipse.mylyn.commons.notifications.feed [986]
                No resolution report for the bundle.  Bundle was not resolved because of a uses constraint violation.
  org.apache.felix.resolver.reason.ReasonException: Uses constraint violation. Unable to resolve resource org.eclipse.mylyn.commons.notifications.feed [osgi.identity; type="osgi.bundle"; version:Version="1.17.2.v20200813-0821"; osgi.identity="org.eclipse.mylyn.commons.notifications.feed"; singleton:="true"] because it is exposed to package 'javax.xml.bind' from resources javax.xml.bind [osgi.identity; type="osgi.bundle"; version:Version="2.2.0.v201105210648"; osgi.identity="javax.xml.bind"] and jakarta.xml.bind [osgi.identity; type="osgi.bundle"; version:Version="2.3.3.v20201118-1818"; osgi.identity="jakarta.xml.bind"] via two dependency chains.

Chain 1:
  org.eclipse.mylyn.commons.notifications.feed [osgi.identity; type="osgi.bundle"; version:Version="1.17.2.v20200813-0821"; osgi.identity="org.eclipse.mylyn.commons.notifications.feed"; singleton:="true"]
    require: (&(osgi.wiring.bundle=javax.xml.bind)(bundle-version>=2.2.0))
     |
    provide: osgi.wiring.bundle: javax.xml.bind
  javax.xml.bind [osgi.identity; type="osgi.bundle"; version:Version="2.2.0.v201105210648"; osgi.identity="javax.xml.bind"]

Chain 2:
  org.eclipse.mylyn.commons.notifications.feed [osgi.identity; type="osgi.bundle"; version:Version="1.17.2.v20200813-0821"; osgi.identity="org.eclipse.mylyn.commons.notifications.feed"; singleton:="true"]
    require: (&(osgi.wiring.bundle=com.sun.xml.bind)(bundle-version>=2.2.0))
     |
    provide: osgi.wiring.bundle; bundle-version:Version="2.3.3.v20201118-1818"; osgi.wiring.bundle="com.sun.xml.bind"
  com.sun.xml.bind [osgi.identity; type="osgi.bundle"; version:Version="2.3.3.v20201118-1818"; osgi.identity="com.sun.xml.bind"]
    import: (&(osgi.wiring.package=javax.xml.bind)(&(version>=2.3.3)(!(version>=2.3.4))))
     |
    export: osgi.wiring.package: javax.xml.bind
  jakarta.xml.bind [osgi.identity; type="osgi.bundle"; version:Version="2.3.3.v20201118-1818"; osgi.identity="jakarta.xml.bind"]
	at org.eclipse.osgi.container.Module.start(Module.java:463)
	at org.eclipse.osgi.container.ModuleContainer$ContainerStartLevel$2.run(ModuleContainer.java:1845)
	at org.eclipse.osgi.internal.framework.EquinoxContainerAdaptor$1$1.execute(EquinoxContainerAdaptor.java:136)
	at org.eclipse.osgi.container.ModuleContainer$ContainerStartLevel.incStartLevel(ModuleContainer.java:1838)
	at org.eclipse.osgi.container.ModuleContainer$ContainerStartLevel.incStartLevel(ModuleContainer.java:1779)
	at org.eclipse.osgi.container.ModuleContainer$ContainerStartLevel.doContainerStartLevel(ModuleContainer.java:1743)
	at org.eclipse.osgi.container.ModuleContainer$ContainerStartLevel.dispatchEvent(ModuleContainer.java:1665)
	at org.eclipse.osgi.container.ModuleContainer$ContainerStartLevel.dispatchEvent(ModuleContainer.java:1)
	at org.eclipse.osgi.framework.eventmgr.EventManager.dispatchEvent(EventManager.java:234)
	at org.eclipse.osgi.framework.eventmgr.EventManager$EventThread.run(EventManager.java:345)

!ENTRY org.springframework.ide.eclipse.metadata 4 0 2023-08-30 09:04:23.124
!MESSAGE FrameworkEvent ERROR
!STACK 0
org.osgi.framework.BundleException: Could not resolve module: org.springframework.ide.eclipse.metadata [1069]
  Unresolved requirement: Require-Bundle: org.eclipse.mylyn.tasks.ui
    -> Bundle-SymbolicName: org.eclipse.mylyn.tasks.ui; bundle-version="3.25.1.v20200512-0316"; singleton:="true"
       org.eclipse.mylyn.tasks.ui [648]
         Unresolved requirement: Require-Bundle: org.eclipse.mylyn.commons.notifications.feed; bundle-version="1.0.0"
           -> Bundle-SymbolicName: org.eclipse.mylyn.commons.notifications.feed; bundle-version="1.17.2.v20200813-0821"; singleton:="true"
              org.eclipse.mylyn.commons.notifications.feed [986]
                No resolution report for the bundle.  Bundle was not resolved because of a uses constraint violation.
  org.apache.felix.resolver.reason.ReasonException: Uses constraint violation. Unable to resolve resource org.eclipse.mylyn.commons.notifications.feed [osgi.identity; type="osgi.bundle"; version:Version="1.17.2.v20200813-0821"; osgi.identity="org.eclipse.mylyn.commons.notifications.feed"; singleton:="true"] because it is exposed to package 'javax.xml.bind' from resources javax.xml.bind [osgi.identity; type="osgi.bundle"; version:Version="2.2.0.v201105210648"; osgi.identity="javax.xml.bind"] and jakarta.xml.bind [osgi.identity; type="osgi.bundle"; version:Version="2.3.3.v20201118-1818"; osgi.identity="jakarta.xml.bind"] via two dependency chains.

Chain 1:
  org.eclipse.mylyn.commons.notifications.feed [osgi.identity; type="osgi.bundle"; version:Version="1.17.2.v20200813-0821"; osgi.identity="org.eclipse.mylyn.commons.notifications.feed"; singleton:="true"]
    require: (&(osgi.wiring.bundle=javax.xml.bind)(bundle-version>=2.2.0))
     |
    provide: osgi.wiring.bundle: javax.xml.bind
  javax.xml.bind [osgi.identity; type="osgi.bundle"; version:Version="2.2.0.v201105210648"; osgi.identity="javax.xml.bind"]

Chain 2:
  org.eclipse.mylyn.commons.notifications.feed [osgi.identity; type="osgi.bundle"; version:Version="1.17.2.v20200813-0821"; osgi.identity="org.eclipse.mylyn.commons.notifications.feed"; singleton:="true"]
    require: (&(osgi.wiring.bundle=com.sun.xml.bind)(bundle-version>=2.2.0))
     |
    provide: osgi.wiring.bundle; bundle-version:Version="2.3.3.v20201118-1818"; osgi.wiring.bundle="com.sun.xml.bind"
  com.sun.xml.bind [osgi.identity; type="osgi.bundle"; version:Version="2.3.3.v20201118-1818"; osgi.identity="com.sun.xml.bind"]
    import: (&(osgi.wiring.package=javax.xml.bind)(&(version>=2.3.3)(!(version>=2.3.4))))
     |
    export: osgi.wiring.package: javax.xml.bind
  jakarta.xml.bind [osgi.identity; type="osgi.bundle"; version:Version="2.3.3.v20201118-1818"; osgi.identity="jakarta.xml.bind"]
	at org.eclipse.osgi.container.Module.start(Module.java:463)
	at org.eclipse.osgi.container.ModuleContainer$ContainerStartLevel$2.run(ModuleContainer.java:1845)
	at org.eclipse.osgi.internal.framework.EquinoxContainerAdaptor$1$1.execute(EquinoxContainerAdaptor.java:136)
	at org.eclipse.osgi.container.ModuleContainer$ContainerStartLevel.incStartLevel(ModuleContainer.java:1838)
	at org.eclipse.osgi.container.ModuleContainer$ContainerStartLevel.incStartLevel(ModuleContainer.java:1779)
	at org.eclipse.osgi.container.ModuleContainer$ContainerStartLevel.doContainerStartLevel(ModuleContainer.java:1743)
	at org.eclipse.osgi.container.ModuleContainer$ContainerStartLevel.dispatchEvent(ModuleContainer.java:1665)
	at org.eclipse.osgi.container.ModuleContainer$ContainerStartLevel.dispatchEvent(ModuleContainer.java:1)
	at org.eclipse.osgi.framework.eventmgr.EventManager.dispatchEvent(EventManager.java:234)
	at org.eclipse.osgi.framework.eventmgr.EventManager$EventThread.run(EventManager.java:345)
